MyJavaApp/build/intermediates/manifest_merge_blame_file/debug/manifest-merger-blame-debug-report.txt
1<?xml version="1.0" encoding="utf-8"?>
2<manifest xmlns:android="http://schemas.android.com/apk/res/android"
3    package="com.example.university"
4    android:versionCode="1"
5    android:versionName="1.0" >
6
7    <uses-sdk
8        android:minSdkVersion="24"
9        android:targetSdkVersion="34" />
10
11    <application
11-->src/main/AndroidManifest.xml:3:5-10:19
12        android:debuggable="true"
13        android:extractNativeLibs="false"
14        android:label="UniversityApp" >
14-->src/main/AndroidManifest.xml:3:18-47
15        <activity
15-->src/main/AndroidManifest.xml:4:9-9:20
16            android:name="com.example.university.MainActivity"
16-->src/main/AndroidManifest.xml:4:19-69
17            android:exported="true" >
17-->src/main/AndroidManifest.xml:4:70-93
18            <intent-filter>
18-->src/main/AndroidManifest.xml:5:13-8:29
19                <action android:name="android.intent.action.MAIN" />
19-->src/main/AndroidManifest.xml:6:17-69
19-->src/main/AndroidManifest.xml:6:25-66
20
21                <category android:name="android.intent.category.LAUNCHER" />
21-->src/main/AndroidManifest.xml:7:17-77
21-->src/main/AndroidManifest.xml:7:27-74
22            </intent-filter>
23        </activity>
24    </application>
25
26</manifest>